{"/Users/nicolasolazzo/Desktop/dev/nuxt-jest/testingNUXT/components/FirstComponent.vue": {"path":"/Users/nicolasolazzo/Desktop/dev/nuxt-jest/testingNUXT/components/FirstComponent.vue","statementMap":{"0":{"start":{"line":83,"column":0},"end":{"line":83,"column":null}},"1":{"start":{"line":111,"column":0},"end":{"line":111,"column":null}},"2":{"start":{"line":112,"column":0},"end":{"line":112,"column":null}},"3":{"start":{"line":113,"column":0},"end":{"line":120,"column":null}},"4":{"start":{"line":119,"column":0},"end":{"line":119,"column":null}},"5":{"start":{"line":123,"column":0},"end":{"line":123,"column":null}},"6":{"start":{"line":125,"column":0},"end":{"line":125,"column":null}},"7":{"start":{"line":126,"column":0},"end":{"line":126,"column":null}},"8":{"start":{"line":127,"column":0},"end":{"line":127,"column":null}},"9":{"start":{"line":128,"column":0},"end":{"line":128,"column":null}},"10":{"start":{"line":129,"column":0},"end":{"line":129,"column":null}},"11":{"start":{"line":130,"column":0},"end":{"line":130,"column":null}},"12":{"start":{"line":131,"column":0},"end":{"line":131,"column":null}},"13":{"start":{"line":1,"column":0},"end":{"line":1,"column":null}}},"fnMap":{"0":{"name":"(anonymous_0)","decl":{"start":{"line":82,"column":0},"end":{"line":82,"column":null}},"loc":{"start":{"line":82,"column":0},"end":{"line":108,"column":null}}},"1":{"name":"(anonymous_1)","decl":{"start":{"line":110,"column":0},"end":{"line":110,"column":null}},"loc":{"start":{"line":110,"column":0},"end":{"line":121,"column":null}}},"2":{"name":"(anonymous_2)","decl":{"start":{"line":122,"column":0},"end":{"line":122,"column":null}},"loc":{"start":{"line":122,"column":0},"end":{"line":132,"column":null}}},"3":{"name":"(anonymous_3)","decl":{"start":{"line":1,"column":0},"end":{"line":1,"column":null}},"loc":{"start":{"line":1,"column":0},"end":{"line":1,"column":null}}}},"branchMap":{"0":{"loc":{"start":{"line":113,"column":0},"end":{"line":120,"column":null}},"type":"if","locations":[{"start":{"line":113,"column":0},"end":{"line":120,"column":null}},{"start":{"line":113,"column":0},"end":{"line":120,"column":null}}]},"1":{"loc":{"start":{"line":113,"column":0},"end":{"line":113,"column":null}},"type":"binary-expr","locations":[{"start":{"line":113,"column":0},"end":{"line":113,"column":null}},{"start":{"line":113,"column":0},"end":{"line":113,"column":null}},{"start":{"line":113,"column":0},"end":{"line":113,"column":null}},{"start":{"line":113,"column":0},"end":{"line":113,"column":null}}]},"2":{"loc":{"start":{"line":1,"column":0},"end":{"line":1,"column":null}},"type":"if","locations":[{"start":{"line":1,"column":0},"end":{"line":1,"column":null}},{"start":{"line":1,"column":0},"end":{"line":1,"column":null}}]}},"s":{"0":3,"1":0,"2":0,"3":0,"4":0,"5":0,"6":0,"7":0,"8":0,"9":0,"10":0,"11":0,"12":0,"13":32},"f":{"0":3,"1":0,"2":0,"3":22},"b":{"0":[0,0],"1":[0,0,0,0],"2":[4,2]}}
,"/Users/nicolasolazzo/Desktop/dev/nuxt-jest/testingNUXT/components/Logo.vue": {"path":"/Users/nicolasolazzo/Desktop/dev/nuxt-jest/testingNUXT/components/Logo.vue","statementMap":{"0":{"start":{"line":1,"column":0},"end":{"line":1,"column":null}}},"fnMap":{"0":{"name":"(anonymous_0)","decl":{"start":{"line":1,"column":0},"end":{"line":1,"column":null}},"loc":{"start":{"line":1,"column":0},"end":{"line":1,"column":null}}}},"branchMap":{},"s":{"0":12},"f":{"0":2},"b":{}}
,"/Users/nicolasolazzo/Desktop/dev/nuxt-jest/testingNUXT/components/Navbar.vue": {"path":"/Users/nicolasolazzo/Desktop/dev/nuxt-jest/testingNUXT/components/Navbar.vue","statementMap":{"0":{"start":{"line":1,"column":0},"end":{"line":1,"column":null}}},"fnMap":{"0":{"name":"(anonymous_0)","decl":{"start":{"line":1,"column":0},"end":{"line":1,"column":null}},"loc":{"start":{"line":1,"column":0},"end":{"line":1,"column":null}}}},"branchMap":{},"s":{"0":12},"f":{"0":2},"b":{}}
,"/Users/nicolasolazzo/Desktop/dev/nuxt-jest/testingNUXT/layouts/default.vue": {"path":"/Users/nicolasolazzo/Desktop/dev/nuxt-jest/testingNUXT/layouts/default.vue","statementMap":{"0":{"start":{"line":8,"column":0},"end":{"line":8,"column":null}},"1":{"start":{"line":1,"column":0},"end":{"line":1,"column":null}}},"fnMap":{"0":{"name":"(anonymous_1)","decl":{"start":{"line":1,"column":0},"end":{"line":1,"column":null}},"loc":{"start":{"line":1,"column":0},"end":{"line":1,"column":null}}}},"branchMap":{},"s":{"0":1,"1":6},"f":{"0":1},"b":{}}
,"/Users/nicolasolazzo/Desktop/dev/nuxt-jest/testingNUXT/pages/index.vue": {"path":"/Users/nicolasolazzo/Desktop/dev/nuxt-jest/testingNUXT/pages/index.vue","statementMap":{"0":{"start":{"line":14,"column":0},"end":{"line":14,"column":null}},"1":{"start":{"line":15,"column":0},"end":{"line":15,"column":null}},"2":{"start":{"line":1,"column":0},"end":{"line":1,"column":null}}},"fnMap":{"0":{"name":"(anonymous_1)","decl":{"start":{"line":1,"column":0},"end":{"line":1,"column":null}},"loc":{"start":{"line":1,"column":0},"end":{"line":1,"column":null}}}},"branchMap":{},"s":{"0":1,"1":1,"2":6},"f":{"0":1},"b":{}}
}
