{"/Users/nicolasolazzo/Desktop/dev/nuxt-jest/testingNUXT/components/FirstComponent.vue": {"path":"/Users/nicolasolazzo/Desktop/dev/nuxt-jest/testingNUXT/components/FirstComponent.vue","statementMap":{"0":{"start":{"line":13,"column":0},"end":{"line":13,"column":null}},"1":{"start":{"line":1,"column":0},"end":{"line":1,"column":null}}},"fnMap":{"0":{"name":"data","decl":{"start":{"line":12,"column":0},"end":{"line":12,"column":null}},"loc":{"start":{"line":12,"column":0},"end":{"line":16,"column":null}}},"1":{"name":"(anonymous_1)","decl":{"start":{"line":1,"column":0},"end":{"line":1,"column":null}},"loc":{"start":{"line":1,"column":0},"end":{"line":1,"column":null}}}},"branchMap":{},"s":{"0":3,"1":12},"f":{"0":3,"1":2},"b":{}}
,"/Users/nicolasolazzo/Desktop/dev/nuxt-jest/testingNUXT/components/Logo.vue": {"path":"/Users/nicolasolazzo/Desktop/dev/nuxt-jest/testingNUXT/components/Logo.vue","statementMap":{"0":{"start":{"line":1,"column":0},"end":{"line":1,"column":null}}},"fnMap":{"0":{"name":"(anonymous_0)","decl":{"start":{"line":1,"column":0},"end":{"line":1,"column":null}},"loc":{"start":{"line":1,"column":0},"end":{"line":1,"column":null}}}},"branchMap":{},"s":{"0":12},"f":{"0":2},"b":{}}
,"/Users/nicolasolazzo/Desktop/dev/nuxt-jest/testingNUXT/components/Navbar.vue": {"path":"/Users/nicolasolazzo/Desktop/dev/nuxt-jest/testingNUXT/components/Navbar.vue","statementMap":{"0":{"start":{"line":1,"column":0},"end":{"line":1,"column":null}}},"fnMap":{"0":{"name":"(anonymous_0)","decl":{"start":{"line":1,"column":0},"end":{"line":1,"column":null}},"loc":{"start":{"line":1,"column":0},"end":{"line":1,"column":null}}}},"branchMap":{},"s":{"0":12},"f":{"0":2},"b":{}}
,"/Users/nicolasolazzo/Desktop/dev/nuxt-jest/testingNUXT/layouts/default.vue": {"path":"/Users/nicolasolazzo/Desktop/dev/nuxt-jest/testingNUXT/layouts/default.vue","statementMap":{"0":{"start":{"line":8,"column":0},"end":{"line":8,"column":null}},"1":{"start":{"line":1,"column":0},"end":{"line":1,"column":null}}},"fnMap":{"0":{"name":"(anonymous_1)","decl":{"start":{"line":1,"column":0},"end":{"line":1,"column":null}},"loc":{"start":{"line":1,"column":0},"end":{"line":1,"column":null}}}},"branchMap":{},"s":{"0":1,"1":6},"f":{"0":1},"b":{}}
,"/Users/nicolasolazzo/Desktop/dev/nuxt-jest/testingNUXT/pages/index.vue": {"path":"/Users/nicolasolazzo/Desktop/dev/nuxt-jest/testingNUXT/pages/index.vue","statementMap":{"0":{"start":{"line":14,"column":0},"end":{"line":14,"column":null}},"1":{"start":{"line":15,"column":0},"end":{"line":15,"column":null}},"2":{"start":{"line":1,"column":0},"end":{"line":1,"column":null}}},"fnMap":{"0":{"name":"(anonymous_1)","decl":{"start":{"line":1,"column":0},"end":{"line":1,"column":null}},"loc":{"start":{"line":1,"column":0},"end":{"line":1,"column":null}}}},"branchMap":{},"s":{"0":1,"1":1,"2":6},"f":{"0":1},"b":{}}
}
