TN:
SF:/Users/nicolasolazzo/Desktop/dev/testingNUXT/testingNUXT/components/FirstComponent.vue
FN:12,(anonymous_0)
FN:1,(anonymous_1)
FNF:2
FNH:2
FNDA:3,(anonymous_0)
FNDA:2,(anonymous_1)
DA:1,12
DA:13,3
LF:2
LH:2
BRF:0
BRH:0
end_of_record
TN:
SF:/Users/nicolasolazzo/Desktop/dev/testingNUXT/testingNUXT/components/Logo.vue
FN:1,(anonymous_0)
FNF:1
FNH:1
FNDA:2,(anonymous_0)
DA:1,12
LF:1
LH:1
BRF:0
BRH:0
end_of_record
TN:
SF:/Users/nicolasolazzo/Desktop/dev/testingNUXT/testingNUXT/layouts/default.vue
FN:1,(anonymous_0)
FNF:1
FNH:1
FNDA:1,(anonymous_0)
DA:1,6
LF:1
LH:1
BRF:0
BRH:0
end_of_record
TN:
SF:/Users/nicolasolazzo/Desktop/dev/testingNUXT/testingNUXT/pages/index.vue
FN:1,(anonymous_1)
FNF:1
FNH:1
FNDA:1,(anonymous_1)
DA:1,6
DA:14,1
DA:15,1
LF:3
LH:3
BRF:0
BRH:0
end_of_record
