TN:
SF:/Users/nicolasolazzo/Desktop/dev/nuxt-jest/testingNUXT/components/FirstComponent.vue
FN:67,(anonymous_0)
FN:94,(anonymous_1)
FN:98,(anonymous_2)
FN:108,(anonymous_3)
FN:1,(anonymous_4)
FNF:5
FNH:2
FNDA:2,(anonymous_0)
FNDA:0,(anonymous_1)
FNDA:0,(anonymous_2)
FNDA:0,(anonymous_3)
FNDA:1,(anonymous_4)
DA:1,6
DA:68,2
DA:95,0
DA:96,0
DA:99,0
DA:101,0
DA:102,0
DA:103,0
DA:104,0
DA:105,0
DA:107,0
DA:108,0
DA:109,0
LF:13
LH:2
BRDA:1,0,0,1
BRDA:1,0,1,0
BRF:2
BRH:1
end_of_record
TN:
SF:/Users/nicolasolazzo/Desktop/dev/nuxt-jest/testingNUXT/components/Logo.vue
FN:1,(anonymous_0)
FNF:1
FNH:0
FNDA:0,(anonymous_0)
DA:1,0
LF:1
LH:0
BRF:0
BRH:0
end_of_record
TN:
SF:/Users/nicolasolazzo/Desktop/dev/nuxt-jest/testingNUXT/components/Navbar.vue
FN:1,(anonymous_0)
FNF:1
FNH:0
FNDA:0,(anonymous_0)
DA:1,0
LF:1
LH:0
BRF:0
BRH:0
end_of_record
TN:
SF:/Users/nicolasolazzo/Desktop/dev/nuxt-jest/testingNUXT/layouts/default.vue
FN:1,(anonymous_1)
FNF:1
FNH:0
FNDA:0,(anonymous_1)
DA:1,0
DA:8,0
LF:2
LH:0
BRF:0
BRH:0
end_of_record
TN:
SF:/Users/nicolasolazzo/Desktop/dev/nuxt-jest/testingNUXT/pages/index.vue
FN:1,(anonymous_1)
FNF:1
FNH:0
FNDA:0,(anonymous_1)
DA:1,0
DA:14,0
DA:15,0
LF:3
LH:0
BRF:0
BRH:0
end_of_record
